<?xml version="1.0" encoding="UTF-8" ?>
<testsuite tests="1" failures="0" name="controller.test.UserControllerTest" time="0.002" errors="1" skipped="0">
  <properties>
[...]
</properties>
  <testcase classname="controller.test.UserControllerTest" name="initializationError" time="0.002">
    <error message="No runnable methods" type="java.lang.Exception">java.lang.Exception: No runnable methods
	at org.junit.runners.BlockJUnit4ClassRunner.validateInstanceMethods(BlockJUnit4ClassRunner.java:157)
	at org.junit.runners.BlockJUnit4ClassRunner.collectInitializationErrors(BlockJUnit4ClassRunner.java:102)
	at org.junit.runners.ParentRunner.validate(ParentRunner.java:336)
	at org.junit.runners.ParentRunner.&lt;init&gt;(ParentRunner.java:74)
	at org.junit.runners.BlockJUnit4ClassRunner.&lt;init&gt;(BlockJUnit4ClassRunner.java:56)
	at org.springframework.test.context.junit4.SpringJUnit4ClassRunner.&lt;init&gt;(SpringJUnit4ClassRunner.java:140)
	at sun.reflect.NativeConstructorAccessorImpl.newInstance0(Native Method)
	at sun.reflect.NativeConstructorAccessorImpl.newInstance(NativeConstructorAccessorImpl.java:62)
	at sun.reflect.DelegatingConstructorAccessorImpl.newInstance(DelegatingConstructorAccessorImpl.java:45)
	at java.lang.reflect.Constructor.newInstance(Constructor.java:423)
	at org.junit.internal.builders.AnnotatedBuilder.buildRunner(AnnotatedBuilder.java:31)
	at org.junit.internal.builders.AnnotatedBuilder.runnerForClass(AnnotatedBuilder.java:24)
	at org.junit.runners.model.RunnerBuilder.safeRunnerForClass(RunnerBuilder.java:57)
	at org.junit.internal.builders.AllDefaultPossibilitiesBuilder.runnerForClass(AllDefaultPossibilitiesBuilder.java:29)
	at org.junit.runner.Computer.getRunner(Computer.java:38)
	at org.junit.runner.Computer$1.runnerForClass(Computer.java:29)
	at org.junit.runners.model.RunnerBuilder.safeRunnerForClass(RunnerBuilder.java:57)
	at org.junit.runners.model.RunnerBuilder.runners(RunnerBuilder.java:98)
	at org.junit.runners.model.RunnerBuilder.runners(RunnerBuilder.java:84)
	at org.junit.runners.Suite.&lt;init&gt;(Suite.java:79)
	at org.junit.runner.Computer.getSuite(Computer.java:26)
	at org.junit.runner.Request.classes(Request.java:69)
	at org.apache.maven.surefire.junitcore.JUnitCoreWrapper.execute(JUnitCoreWrapper.java:54)
	at org.apache.maven.surefire.junitcore.JUnitCoreProvider.invoke(JUnitCoreProvider.java:139)
	at sun.reflect.NativeMethodAccessorImpl.invoke0(Native Method)
	at sun.reflect.NativeMethodAccessorImpl.invoke(NativeMethodAccessorImpl.java:62)
	at sun.reflect.DelegatingMethodAccessorImpl.invoke(DelegatingMethodAccessorImpl.java:43)
	at java.lang.reflect.Method.invoke(Method.java:498)
	at org.apache.maven.surefire.util.ReflectionUtils.invokeMethodWithArray(ReflectionUtils.java:189)
	at org.apache.maven.surefire.booter.ProviderFactory$ProviderProxy.invoke(ProviderFactory.java:165)
	at org.apache.maven.surefire.booter.ProviderFactory.invokeProvider(ProviderFactory.java:85)
	at org.apache.maven.surefire.booter.ForkedBooter.runSuitesInProcess(ForkedBooter.java:115)
	at org.apache.maven.surefire.booter.ForkedBooter.main(ForkedBooter.java:75)
</error>
    <system-out>[09:21:33] ClassPathMapperScanner - Identified candidate component class: file [/Users/liuxiaoying/git/ssm-demo/ssm-maven/target/classes/com/ssm/maven/core/dao/UserDao.class]
[09:21:33] ClassPathMapperScanner - Identified candidate component class: file [/Users/liuxiaoying/git/ssm-demo/ssm-maven/target/classes/com/ssm/maven/core/dao/PictureDao.class]
[09:21:33] ClassPathMapperScanner - Identified candidate component class: file [/Users/liuxiaoying/git/ssm-demo/ssm-maven/target/classes/com/ssm/maven/core/dao/ArticleDao.class]
[09:21:33] ClassPathMapperScanner - Identified candidate component class: file [/Users/liuxiaoying/git/ssm-demo/ssm-maven/target/classes/com/ssm/maven/core/dao/BookDao.class]
[09:21:33] ClassPathMapperScanner - Creating MapperFactoryBean with name &apos;userDao&apos; and &apos;com.ssm.maven.core.dao.UserDao&apos; mapperInterface
[09:21:33] ClassPathMapperScanner - Creating MapperFactoryBean with name &apos;pictureDao&apos; and &apos;com.ssm.maven.core.dao.PictureDao&apos; mapperInterface
[09:21:33] ClassPathMapperScanner - Creating MapperFactoryBean with name &apos;articleDao&apos; and &apos;com.ssm.maven.core.dao.ArticleDao&apos; mapperInterface
[09:21:33] ClassPathMapperScanner - Creating MapperFactoryBean with name &apos;bookDao&apos; and &apos;com.ssm.maven.core.dao.BookDao&apos; mapperInterface
[09:21:34] DruidDataSource - {dataSource-2} inited
[09:21:34] SqlSessionFactoryBean - Parsed configuration file: &apos;class path resource [mybatis-config.xml]&apos;
[09:21:34] SqlSessionFactoryBean - Parsed mapper file: &apos;file [/Users/liuxiaoying/git/ssm-demo/ssm-maven/target/classes/mappers/BookMapper.xml]&apos;
[09:21:34] SqlSessionFactoryBean - Parsed mapper file: &apos;file [/Users/liuxiaoying/git/ssm-demo/ssm-maven/target/classes/mappers/UserMapper.xml]&apos;
[09:21:34] SqlSessionFactoryBean - Parsed mapper file: &apos;file [/Users/liuxiaoying/git/ssm-demo/ssm-maven/target/classes/mappers/PictureMapper.xml]&apos;
[09:21:34] SqlSessionFactoryBean - Parsed mapper file: &apos;file [/Users/liuxiaoying/git/ssm-demo/ssm-maven/target/classes/mappers/ArticleMapper.xml]&apos;
</system-out>
  </testcase>
</testsuite>